<?xml version="1.0" encoding="UTF-8"?>
<testsuite xmlns:xsi="http://www.w3.org/2001/XMLSchema-instance" xsi:noNamespaceSchemaLocation="https://maven.apache.org/surefire/maven-surefire-plugin/xsd/surefire-test-report-3.0.xsd" version="3.0" name="com.ssafy.enjoytrip.FinalBuk041105ApplicationTests" time="8.594" tests="1" errors="0" skipped="0" failures="0">
  <properties>
[...]
</properties>
  <testcase name="contextLoads" classname="com.ssafy.enjoytrip.FinalBuk041105ApplicationTests" time="2.352">
    <system-out><![CDATA[00:56:25.310 [main] INFO org.springframework.test.context.support.AnnotationConfigContextLoaderUtils -- Could not detect default configuration classes for test class [com.ssafy.enjoytrip.FinalBuk041105ApplicationTests]: FinalBuk041105ApplicationTests does not declare any static, non-private, non-final, nested classes annotated with @Configuration.
00:56:25.529 [main] INFO org.springframework.boot.test.context.SpringBootTestContextBootstrapper -- Found @SpringBootConfiguration com.ssafy.enjoytrip.FinalBuk041105Application for test class com.ssafy.enjoytrip.FinalBuk041105ApplicationTests
00:56:25.936 [main] INFO org.springframework.boot.devtools.restart.RestartApplicationListener -- Restart disabled due to context in which it is running

  .   ____          _            __ _ _
 /\\ / ___'_ __ _ _(_)_ __  __ _ \ \ \ \
( ( )\___ | '_ | '_| | '_ \/ _` | \ \ \ \
 \\/  ___)| |_)| | | | | || (_| |  ) ) ) )
  '  |____| .__|_| |_|_| |_\__, | / / / /
 =========|_|==============|___/=/_/_/_/
 :: Spring Boot ::                (v3.2.5)

2024-07-23T00:56:26.562+09:00  WARN 1948 --- [final_buk04_11_05] [           main] ory$DuplicateJsonObjectContextCustomizer : 

Found multiple occurrences of org.json.JSONObject on the class path:

	jar:file:/C:/Users/%ea%b9%80%ed%83%9c%ed%9b%88/.m2/repository/com/vaadin/external/google/android-json/0.0.20131108.vaadin1/android-json-0.0.20131108.vaadin1.jar!/org/json/JSONObject.class
	jar:file:/C:/Users/%ea%b9%80%ed%83%9c%ed%9b%88/.m2/repository/org/json/json/20240205/json-20240205.jar!/org/json/JSONObject.class

You may wish to exclude one of them to ensure predictable runtime behavior

2024-07-23T00:56:26.599+09:00  INFO 1948 --- [final_buk04_11_05] [           main] c.s.e.FinalBuk041105ApplicationTests     : Starting FinalBuk041105ApplicationTests using Java 17.0.9 with PID 1948 (started by 김태훈 in C:\SSAFY\workspace\final_buk04_11_05\final_buk04_11_05)
2024-07-23T00:56:26.600+09:00 DEBUG 1948 --- [final_buk04_11_05] [           main] c.s.e.FinalBuk041105ApplicationTests     : Running with Spring Boot v3.2.5, Spring v6.1.6
2024-07-23T00:56:26.601+09:00  INFO 1948 --- [final_buk04_11_05] [           main] c.s.e.FinalBuk041105ApplicationTests     : No active profile set, falling back to 1 default profile: "default"
2024-07-23T00:56:30.362+09:00  INFO 1948 --- [final_buk04_11_05] [           main] o.s.b.a.w.s.WelcomePageHandlerMapping    : Adding welcome page: class path resource [static/index.html]
2024-07-23T00:56:31.146+09:00  INFO 1948 --- [final_buk04_11_05] [           main] c.s.e.FinalBuk041105ApplicationTests     : Started FinalBuk041105ApplicationTests in 5.238 seconds (process running for 7.304)
]]></system-out>
  </testcase>
</testsuite>